This is pdfTeX, Version 3.14159265-2.6-1.40.21 (TeX Live 2020) (preloaded format=pdflatex 2021.3.24)  22 APR 2021 10:07
entering extended mode
 restricted \write18 enabled.
 %&-line parsing enabled.
**thesis.tex
(./thesis.tex
LaTeX2e <2020-10-01> patch level 4
L3 programming layer <2021-02-18> (./reedthesis.cls
Document Class: reedthesis 2004/01/27 The Reed College Thesis Class
(/Users/graysonwhite/Library/TinyTeX/texmf-dist/tex/latex/base/book.cls
Document Class: book 2020/04/10 v1.4m Standard LaTeX document class
(/Users/graysonwhite/Library/TinyTeX/texmf-dist/tex/latex/base/bk12.clo
File: bk12.clo 2020/04/10 v1.4m Standard LaTeX file (size option)
)
\c@part=\count179
\c@chapter=\count180
\c@section=\count181
\c@subsection=\count182
\c@subsubsection=\count183
\c@paragraph=\count184
\c@subparagraph=\count185
\c@figure=\count186
\c@table=\count187
\abovecaptionskip=\skip47
\belowcaptionskip=\skip48
\bibindent=\dimen138
)
(/Users/graysonwhite/Library/TinyTeX/texmf-dist/tex/latex/fancyhdr/fancyhdr.sty
Package: fancyhdr 2021/01/28 v4.0.1 Extensive control of page headers and foote
rs
\f@nch@headwidth=\skip49
\f@nch@O@elh=\skip50
\f@nch@O@erh=\skip51
\f@nch@O@olh=\skip52
\f@nch@O@orh=\skip53
\f@nch@O@elf=\skip54
\f@nch@O@erf=\skip55
\f@nch@O@olf=\skip56
\f@nch@O@orf=\skip57
)
(/Users/graysonwhite/Library/TinyTeX/texmf-dist/tex/latex/fancyvrb/fancyvrb.sty
Package: fancyvrb 2021/01/20 v3.7 verbatim text (tvz,hv)
(/Users/graysonwhite/Library/TinyTeX/texmf-dist/tex/latex/graphics/keyval.sty
Package: keyval 2014/10/28 v1.15 key=value parser (DPC)
\KV@toks@=\toks15
)
\FV@CodeLineNo=\count188
\FV@InFile=\read2
\FV@TabBox=\box47
\c@FancyVerbLine=\count189
\FV@StepNumber=\count190
\FV@OutFile=\write3
) (/Users/graysonwhite/Library/TinyTeX/texmf-dist/tex/generic/iftex/ifxetex.sty
Package: ifxetex 2019/10/25 v0.7 ifxetex legacy package. Use iftex instead.
(/Users/graysonwhite/Library/TinyTeX/texmf-dist/tex/generic/iftex/iftex.sty
Package: iftex 2020/03/06 v1.0d TeX engine tests
)) (/Users/graysonwhite/Library/TinyTeX/texmf-dist/tex/generic/iftex/ifluatex.s
ty
Package: ifluatex 2019/10/25 v1.5 ifluatex legacy package. Use iftex instead.
) (/Users/graysonwhite/Library/TinyTeX/texmf-dist/tex/latex/base/fixltx2e.sty
Package: fixltx2e 2016/12/29 v2.1a fixes to LaTeX (obsolete)
Applying: [2015/01/01] Old fixltx2e package on input line 46.

Package fixltx2e Warning: fixltx2e is not required with releases after 2015
(fixltx2e)                All fixes are now in the LaTeX kernel.
(fixltx2e)                See the latexrelease package for details.

Already applied: [0000/00/00] Old fixltx2e package on input line 53.
) (/Users/graysonwhite/Library/TinyTeX/texmf-dist/tex/latex/base/fontenc.sty
Package: fontenc 2020/08/10 v2.0s Standard LaTeX package
) (/Users/graysonwhite/Library/TinyTeX/texmf-dist/tex/latex/base/inputenc.sty
Package: inputenc 2020/08/01 v1.3d Input encoding file
\inpenc@prehook=\toks16
\inpenc@posthook=\toks17
) (/Users/graysonwhite/Library/TinyTeX/texmf-dist/tex/latex/graphics/color.sty
Package: color 2020/02/24 v1.2b Standard LaTeX Color (DPC)

(/Users/graysonwhite/Library/TinyTeX/texmf-dist/tex/latex/graphics-cfg/color.cf
g
File: color.cfg 2016/01/02 v1.6 sample color configuration
)
Package color Info: Driver file: pdftex.def on input line 147.

(/Users/graysonwhite/Library/TinyTeX/texmf-dist/tex/latex/graphics-def/pdftex.d
ef
File: pdftex.def 2020/10/05 v1.2a Graphics/color driver for pdftex
)) (/Users/graysonwhite/Library/TinyTeX/texmf-dist/tex/latex/framed/framed.sty
Package: framed 2011/10/22 v 0.96: framed or shaded text with page breaks
\OuterFrameSep=\skip58
\fb@frw=\dimen139
\fb@frh=\dimen140
\FrameRule=\dimen141
\FrameSep=\dimen142
))
(/Users/graysonwhite/Library/TinyTeX/texmf-dist/tex/latex/graphics/graphicx.sty
Package: graphicx 2020/09/09 v1.2b Enhanced LaTeX Graphics (DPC,SPQR)

(/Users/graysonwhite/Library/TinyTeX/texmf-dist/tex/latex/graphics/graphics.sty
Package: graphics 2020/08/30 v1.4c Standard LaTeX Graphics (DPC,SPQR)
(/Users/graysonwhite/Library/TinyTeX/texmf-dist/tex/latex/graphics/trig.sty
Package: trig 2016/01/03 v1.10 sin cos tan (DPC)
)
(/Users/graysonwhite/Library/TinyTeX/texmf-dist/tex/latex/graphics-cfg/graphics
.cfg
File: graphics.cfg 2016/06/04 v1.11 sample graphics configuration
)
Package graphics Info: Driver file: pdftex.def on input line 105.
)
\Gin@req@height=\dimen143
\Gin@req@width=\dimen144
) (/Users/graysonwhite/Library/TinyTeX/texmf-dist/tex/latex/base/latexsym.sty
Package: latexsym 1998/08/17 v2.2e Standard LaTeX package (lasy symbols)
\symlasy=\mathgroup4
LaTeX Font Info:    Overwriting symbol font `lasy' in version `bold'
(Font)                  U/lasy/m/n --> U/lasy/b/n on input line 52.
) (/Users/graysonwhite/Library/TinyTeX/texmf-dist/tex/latex/amsmath/amsmath.sty
Package: amsmath 2020/09/23 v2.17i AMS math features
\@mathmargin=\skip59
For additional information on amsmath, use the `?' option.
(/Users/graysonwhite/Library/TinyTeX/texmf-dist/tex/latex/amsmath/amstext.sty
Package: amstext 2000/06/29 v2.01 AMS text
(/Users/graysonwhite/Library/TinyTeX/texmf-dist/tex/latex/amsmath/amsgen.sty
File: amsgen.sty 1999/11/30 v2.0 generic functions
\@emptytoks=\toks18
\ex@=\dimen145
)) (/Users/graysonwhite/Library/TinyTeX/texmf-dist/tex/latex/amsmath/amsbsy.sty
Package: amsbsy 1999/11/29 v1.2d Bold Symbols
\pmbraise@=\dimen146
) (/Users/graysonwhite/Library/TinyTeX/texmf-dist/tex/latex/amsmath/amsopn.sty
Package: amsopn 2016/03/08 v2.02 operator names
)
\inf@bad=\count191
LaTeX Info: Redefining \frac on input line 234.
\uproot@=\count192
\leftroot@=\count193
LaTeX Info: Redefining \overline on input line 399.
\classnum@=\count194
\DOTSCASE@=\count195
LaTeX Info: Redefining \ldots on input line 496.
LaTeX Info: Redefining \dots on input line 499.
LaTeX Info: Redefining \cdots on input line 620.
\Mathstrutbox@=\box48
\strutbox@=\box49
\big@size=\dimen147
LaTeX Font Info:    Redeclaring font encoding OML on input line 743.
LaTeX Font Info:    Redeclaring font encoding OMS on input line 744.
\macc@depth=\count196
\c@MaxMatrixCols=\count197
\dotsspace@=\muskip16
\c@parentequation=\count198
\dspbrk@lvl=\count199
\tag@help=\toks19
\row@=\count266
\column@=\count267
\maxfields@=\count268
\andhelp@=\toks20
\eqnshift@=\dimen148
\alignsep@=\dimen149
\tagshift@=\dimen150
\tagwidth@=\dimen151
\totwidth@=\dimen152
\lineht@=\dimen153
\@envbody=\toks21
\multlinegap=\skip60
\multlinetaggap=\skip61
\mathdisplay@stack=\toks22
LaTeX Info: Redefining \[ on input line 2923.
LaTeX Info: Redefining \] on input line 2924.
) (/Users/graysonwhite/Library/TinyTeX/texmf-dist/tex/latex/amsfonts/amssymb.st
y
Package: amssymb 2013/01/14 v3.01 AMS font symbols

(/Users/graysonwhite/Library/TinyTeX/texmf-dist/tex/latex/amsfonts/amsfonts.sty
Package: amsfonts 2013/01/14 v3.01 Basic AMSFonts support
\symAMSa=\mathgroup5
\symAMSb=\mathgroup6
LaTeX Font Info:    Redeclaring math symbol \hbar on input line 98.
LaTeX Font Info:    Overwriting math alphabet `\mathfrak' in version `bold'
(Font)                  U/euf/m/n --> U/euf/b/n on input line 106.
)) (/Users/graysonwhite/Library/TinyTeX/texmf-dist/tex/latex/amscls/amsthm.sty
Package: amsthm 2020/05/29 v2.20.6
\thm@style=\toks23
\thm@bodyfont=\toks24
\thm@headfont=\toks25
\thm@notefont=\toks26
\thm@headpunct=\toks27
\thm@preskip=\skip62
\thm@postskip=\skip63
\thm@headsep=\skip64
\dth@everypar=\toks28
) (/Users/graysonwhite/Library/TinyTeX/texmf-dist/tex/latex/tools/longtable.sty
Package: longtable 2020/01/07 v4.13 Multi-page Table package (DPC)
\LTleft=\skip65
\LTright=\skip66
\LTpre=\skip67
\LTpost=\skip68
\LTchunksize=\count269
\LTcapwidth=\dimen154
\LT@head=\box50
\LT@firsthead=\box51
\LT@foot=\box52
\LT@lastfoot=\box53
\LT@cols=\count270
\LT@rows=\count271
\c@LT@tables=\count272
\c@LT@chunks=\count273
\LT@p@ftn=\toks29
)
(/Users/graysonwhite/Library/TinyTeX/texmf-dist/tex/latex/booktabs/booktabs.sty
Package: booktabs 2020/01/12 v1.61803398 Publication quality tables
\heavyrulewidth=\dimen155
\lightrulewidth=\dimen156
\cmidrulewidth=\dimen157
\belowrulesep=\dimen158
\belowbottomsep=\dimen159
\aboverulesep=\dimen160
\abovetopsep=\dimen161
\cmidrulesep=\dimen162
\cmidrulekern=\dimen163
\defaultaddspace=\dimen164
\@cmidla=\count274
\@cmidlb=\count275
\@aboverulesep=\dimen165
\@belowrulesep=\dimen166
\@thisruleclass=\count276
\@lastruleclass=\count277
\@thisrulewidth=\dimen167
)
(/Users/graysonwhite/Library/TinyTeX/texmf-dist/tex/latex/setspace/setspace.sty
Package: setspace 2011/12/19 v6.7a set line spacing
) (./chemarr.sty
Package: chemarr 2001/06/22 v1.1 Chemical reaction arrows (HO)
) (/Users/graysonwhite/Library/TinyTeX/texmf-dist/tex/latex/url/url.sty
\Urlmuskip=\muskip17
Package: url 2013/09/16  ver 3.4  Verb mode for urls, etc.
)
(/Users/graysonwhite/Library/TinyTeX/texmf-dist/tex/latex/hyperref/hyperref.sty
Package: hyperref 2021-02-27 v7.00k Hypertext links for LaTeX

(/Users/graysonwhite/Library/TinyTeX/texmf-dist/tex/generic/ltxcmds/ltxcmds.sty
Package: ltxcmds 2020-05-10 v1.25 LaTeX kernel commands for general use (HO)
)
(/Users/graysonwhite/Library/TinyTeX/texmf-dist/tex/generic/pdftexcmds/pdftexcm
ds.sty
Package: pdftexcmds 2020-06-27 v0.33 Utility functions of pdfTeX for LuaTeX (HO
)

(/Users/graysonwhite/Library/TinyTeX/texmf-dist/tex/generic/infwarerr/infwarerr
.sty
Package: infwarerr 2019/12/03 v1.5 Providing info/warning/error messages (HO)
)
Package pdftexcmds Info: \pdf@primitive is available.
Package pdftexcmds Info: \pdf@ifprimitive is available.
Package pdftexcmds Info: \pdfdraftmode found.
)
(/Users/graysonwhite/Library/TinyTeX/texmf-dist/tex/generic/kvsetkeys/kvsetkeys
.sty
Package: kvsetkeys 2019/12/15 v1.18 Key value parser (HO)
)
(/Users/graysonwhite/Library/TinyTeX/texmf-dist/tex/generic/kvdefinekeys/kvdefi
nekeys.sty
Package: kvdefinekeys 2019-12-19 v1.6 Define keys (HO)
)
(/Users/graysonwhite/Library/TinyTeX/texmf-dist/tex/generic/pdfescape/pdfescape
.sty
Package: pdfescape 2019/12/09 v1.15 Implements pdfTeX's escape features (HO)
) (/Users/graysonwhite/Library/TinyTeX/texmf-dist/tex/latex/hycolor/hycolor.sty
Package: hycolor 2020-01-27 v1.10 Color options for hyperref/bookmark (HO)
)
(/Users/graysonwhite/Library/TinyTeX/texmf-dist/tex/latex/letltxmacro/letltxmac
ro.sty
Package: letltxmacro 2019/12/03 v1.6 Let assignment for LaTeX macros (HO)
) (/Users/graysonwhite/Library/TinyTeX/texmf-dist/tex/latex/auxhook/auxhook.sty
Package: auxhook 2019-12-17 v1.6 Hooks for auxiliary files (HO)
)
(/Users/graysonwhite/Library/TinyTeX/texmf-dist/tex/latex/kvoptions/kvoptions.s
ty
Package: kvoptions 2020-10-07 v3.14 Key value format for package options (HO)
)
\@linkdim=\dimen168
\Hy@linkcounter=\count278
\Hy@pagecounter=\count279
(/Users/graysonwhite/Library/TinyTeX/texmf-dist/tex/latex/hyperref/pd1enc.def
File: pd1enc.def 2021-02-27 v7.00k Hyperref: PDFDocEncoding definition (HO)
Now handling font encoding PD1 ...
... no UTF-8 mapping file for font encoding PD1
)
(/Users/graysonwhite/Library/TinyTeX/texmf-dist/tex/latex/hyperref/hyperref-lan
gpatches.def
File: hyperref-langpatches.def 2021-02-27 v7.00k Hyperref: patches for babel la
nguages
)
(/Users/graysonwhite/Library/TinyTeX/texmf-dist/tex/generic/intcalc/intcalc.sty
Package: intcalc 2019/12/15 v1.3 Expandable calculations with integers (HO)
)
(/Users/graysonwhite/Library/TinyTeX/texmf-dist/tex/generic/etexcmds/etexcmds.s
ty
Package: etexcmds 2019/12/15 v1.7 Avoid name clashes with e-TeX commands (HO)
)
\Hy@SavedSpaceFactor=\count280
(/Users/graysonwhite/Library/TinyTeX/texmf-dist/tex/latex/hyperref/puenc.def
File: puenc.def 2021-02-27 v7.00k Hyperref: PDF Unicode definition (HO)
Now handling font encoding PU ...
... no UTF-8 mapping file for font encoding PU
)
Package hyperref Info: Hyper figures OFF on input line 4192.
Package hyperref Info: Link nesting OFF on input line 4197.
Package hyperref Info: Hyper index ON on input line 4200.
Package hyperref Info: Plain pages OFF on input line 4207.
Package hyperref Info: Backreferencing OFF on input line 4212.
Package hyperref Info: Implicit mode ON; LaTeX internals redefined.
Package hyperref Info: Bookmarks ON on input line 4445.
\c@Hy@tempcnt=\count281
LaTeX Info: Redefining \url on input line 4804.
\XeTeXLinkMargin=\dimen169
(/Users/graysonwhite/Library/TinyTeX/texmf-dist/tex/generic/bitset/bitset.sty
Package: bitset 2019/12/09 v1.3 Handle bit-vector datatype (HO)

(/Users/graysonwhite/Library/TinyTeX/texmf-dist/tex/generic/bigintcalc/bigintca
lc.sty
Package: bigintcalc 2019/12/15 v1.5 Expandable calculations on big integers (HO
)
))
\Fld@menulength=\count282
\Field@Width=\dimen170
\Fld@charsize=\dimen171
Package hyperref Info: Hyper figures OFF on input line 6075.
Package hyperref Info: Link nesting OFF on input line 6080.
Package hyperref Info: Hyper index ON on input line 6083.
Package hyperref Info: backreferencing OFF on input line 6090.
Package hyperref Info: Link coloring OFF on input line 6095.
Package hyperref Info: Link coloring with OCG OFF on input line 6100.
Package hyperref Info: PDF/A mode OFF on input line 6105.
LaTeX Info: Redefining \ref on input line 6145.
LaTeX Info: Redefining \pageref on input line 6149.

(/Users/graysonwhite/Library/TinyTeX/texmf-dist/tex/latex/base/atbegshi-ltx.sty
Package: atbegshi-ltx 2020/08/17 v1.0a Emulation of the original atbegshi packa
ge
with kernel methods
)
\Hy@abspage=\count283
\c@Item=\count284
\c@Hfootnote=\count285
)
Package hyperref Info: Driver (autodetected): hpdftex.
(/Users/graysonwhite/Library/TinyTeX/texmf-dist/tex/latex/hyperref/hpdftex.def
File: hpdftex.def 2021-02-27 v7.00k Hyperref driver for pdfTeX

(/Users/graysonwhite/Library/TinyTeX/texmf-dist/tex/latex/base/atveryend-ltx.st
y
Package: atveryend-ltx 2020/08/19 v1.0a Emulation of the original atvery packag
e
with kernel methods
)
\Fld@listcount=\count286
\c@bookmark@seq@number=\count287

(/Users/graysonwhite/Library/TinyTeX/texmf-dist/tex/latex/rerunfilecheck/rerunf
ilecheck.sty
Package: rerunfilecheck 2019/12/05 v1.9 Rerun checks for auxiliary files (HO)

(/Users/graysonwhite/Library/TinyTeX/texmf-dist/tex/generic/uniquecounter/uniqu
ecounter.sty
Package: uniquecounter 2019/12/15 v1.4 Provide unlimited unique counter (HO)
)
Package uniquecounter Info: New unique counter `rerunfilecheck' on input line 2
86.
)
\Hy@SectionHShift=\skip69
) (/Users/graysonwhite/Library/TinyTeX/texmf-dist/tex/latex/lm/lmodern.sty
Package: lmodern 2009/10/30 v1.6 Latin Modern Fonts
LaTeX Font Info:    Overwriting symbol font `operators' in version `normal'
(Font)                  OT1/cmr/m/n --> OT1/lmr/m/n on input line 22.
LaTeX Font Info:    Overwriting symbol font `letters' in version `normal'
(Font)                  OML/cmm/m/it --> OML/lmm/m/it on input line 23.
LaTeX Font Info:    Overwriting symbol font `symbols' in version `normal'
(Font)                  OMS/cmsy/m/n --> OMS/lmsy/m/n on input line 24.
LaTeX Font Info:    Overwriting symbol font `largesymbols' in version `normal'
(Font)                  OMX/cmex/m/n --> OMX/lmex/m/n on input line 25.
LaTeX Font Info:    Overwriting symbol font `operators' in version `bold'
(Font)                  OT1/cmr/bx/n --> OT1/lmr/bx/n on input line 26.
LaTeX Font Info:    Overwriting symbol font `letters' in version `bold'
(Font)                  OML/cmm/b/it --> OML/lmm/b/it on input line 27.
LaTeX Font Info:    Overwriting symbol font `symbols' in version `bold'
(Font)                  OMS/cmsy/b/n --> OMS/lmsy/b/n on input line 28.
LaTeX Font Info:    Overwriting symbol font `largesymbols' in version `bold'
(Font)                  OMX/cmex/m/n --> OMX/lmex/m/n on input line 29.
LaTeX Font Info:    Overwriting math alphabet `\mathbf' in version `normal'
(Font)                  OT1/cmr/bx/n --> OT1/lmr/bx/n on input line 31.
LaTeX Font Info:    Overwriting math alphabet `\mathsf' in version `normal'
(Font)                  OT1/cmss/m/n --> OT1/lmss/m/n on input line 32.
LaTeX Font Info:    Overwriting math alphabet `\mathit' in version `normal'
(Font)                  OT1/cmr/m/it --> OT1/lmr/m/it on input line 33.
LaTeX Font Info:    Overwriting math alphabet `\mathtt' in version `normal'
(Font)                  OT1/cmtt/m/n --> OT1/lmtt/m/n on input line 34.
LaTeX Font Info:    Overwriting math alphabet `\mathbf' in version `bold'
(Font)                  OT1/cmr/bx/n --> OT1/lmr/bx/n on input line 35.
LaTeX Font Info:    Overwriting math alphabet `\mathsf' in version `bold'
(Font)                  OT1/cmss/bx/n --> OT1/lmss/bx/n on input line 36.
LaTeX Font Info:    Overwriting math alphabet `\mathit' in version `bold'
(Font)                  OT1/cmr/bx/it --> OT1/lmr/bx/it on input line 37.
LaTeX Font Info:    Overwriting math alphabet `\mathtt' in version `bold'
(Font)                  OT1/cmtt/m/n --> OT1/lmtt/m/n on input line 38.
) (/Users/graysonwhite/Library/TinyTeX/texmf-dist/tex/latex/float/float.sty
Package: float 2001/11/08 v1.3d Float enhancements (AL)
\c@float@type=\count288
\float@exts=\toks30
\float@box=\box54
\@float@everytoks=\toks31
\@floatcapt=\box55
) (/Users/graysonwhite/Library/TinyTeX/texmf-dist/tex/latex/tools/calc.sty
Package: calc 2017/05/25 v4.3 Infix arithmetic (KKT,FJ)
\calc@Acount=\count289
\calc@Bcount=\count290
\calc@Adimen=\dimen172
\calc@Bdimen=\dimen173
\calc@Askip=\skip70
\calc@Bskip=\skip71
LaTeX Info: Redefining \setlength on input line 80.
LaTeX Info: Redefining \addtolength on input line 81.
\calc@Ccount=\count291
\calc@Cskip=\skip72
)
(/Users/graysonwhite/Library/TinyTeX/texmf-dist/tex/latex/graphics/rotating.sty
Package: rotating 2016/08/11 v2.16d rotated objects in LaTeX
(/Users/graysonwhite/Library/TinyTeX/texmf-dist/tex/latex/base/ifthen.sty
Package: ifthen 2014/09/29 v1.1c Standard LaTeX ifthen package (DPC)
)
\c@r@tfl@t=\count292
\rotFPtop=\skip73
\rotFPbot=\skip74
\rot@float@box=\box56
\rot@mess@toks=\toks32
) (/Users/graysonwhite/Library/TinyTeX/texmf-dist/tex/latex/caption/caption.sty
Package: caption 2020/10/26 v3.5g Customizing captions (AR)
(/Users/graysonwhite/Library/TinyTeX/texmf-dist/tex/latex/caption/caption3.sty
Package: caption3 2020/10/21 v2.2e caption3 kernel (AR)
\captionmargin=\dimen174
\captionmargin@=\dimen175
\captionwidth=\dimen176
\caption@tempdima=\dimen177
\caption@indent=\dimen178
\caption@parindent=\dimen179
\caption@hangindent=\dimen180
Package caption Info: Standard document class detected.
)
\c@caption@flags=\count293
\c@continuedfloat=\count294
Package caption Info: float package is loaded.
Package caption Info: hyperref package is loaded.
Package caption Info: longtable package is loaded.

(/Users/graysonwhite/Library/TinyTeX/texmf-dist/tex/latex/caption/ltcaption.sty
Package: ltcaption 2020/05/30 v1.4b longtable captions (AR)
)
Package caption Info: rotating package is loaded.
)
\csllabelwidth=\skip75
\cslhangindent=\skip76
LaTeX Font Info:    Trying to load font information for T1+lmr on input line 17
3.
(/Users/graysonwhite/Library/TinyTeX/texmf-dist/tex/latex/lm/t1lmr.fd
File: t1lmr.fd 2009/10/30 v1.6 Font defs for Latin Modern
)
(/Users/graysonwhite/Library/TinyTeX/texmf-dist/tex/latex/l3backend/l3backend-p
dftex.def
File: l3backend-pdftex.def 2021-03-18 L3 backend support: PDF output (pdfTeX)
\l__color_backend_stack_int=\count295
\l__pdf_internal_box=\box57
) (./thesis.aux)
\openout1 = `thesis.aux'.

LaTeX Font Info:    Checking defaults for OML/cmm/m/it on input line 173.
LaTeX Font Info:    ... okay on input line 173.
LaTeX Font Info:    Checking defaults for OMS/cmsy/m/n on input line 173.
LaTeX Font Info:    ... okay on input line 173.
LaTeX Font Info:    Checking defaults for OT1/cmr/m/n on input line 173.
LaTeX Font Info:    ... okay on input line 173.
LaTeX Font Info:    Checking defaults for T1/cmr/m/n on input line 173.
LaTeX Font Info:    ... okay on input line 173.
LaTeX Font Info:    Checking defaults for TS1/cmr/m/n on input line 173.
LaTeX Font Info:    ... okay on input line 173.
LaTeX Font Info:    Checking defaults for OMX/cmex/m/n on input line 173.
LaTeX Font Info:    ... okay on input line 173.
LaTeX Font Info:    Checking defaults for U/cmr/m/n on input line 173.
LaTeX Font Info:    ... okay on input line 173.
LaTeX Font Info:    Checking defaults for PD1/pdf/m/n on input line 173.
LaTeX Font Info:    ... okay on input line 173.
LaTeX Font Info:    Checking defaults for PU/pdf/m/n on input line 173.
LaTeX Font Info:    ... okay on input line 173.

(/Users/graysonwhite/Library/TinyTeX/texmf-dist/tex/latex/epstopdf-pkg/epstopdf
-base.sty
Package: epstopdf-base 2020-01-24 v2.11 Base part for package epstopdf
Package epstopdf-base Info: Redefining graphics rule for `.eps' on input line 4
85.

(/Users/graysonwhite/Library/TinyTeX/texmf-dist/tex/latex/latexconfig/epstopdf-
sys.cfg
File: epstopdf-sys.cfg 2010/07/13 v1.3 Configuration of (r)epstopdf for TeX Liv
e
))
Package hyperref Info: Link coloring OFF on input line 173.
(/Users/graysonwhite/Library/TinyTeX/texmf-dist/tex/latex/hyperref/nameref.sty
Package: nameref 2021-04-02 v2.47 Cross-referencing by name of section

(/Users/graysonwhite/Library/TinyTeX/texmf-dist/tex/latex/refcount/refcount.sty
Package: refcount 2019/12/15 v3.6 Data extraction from label references (HO)
)
(/Users/graysonwhite/Library/TinyTeX/texmf-dist/tex/generic/gettitlestring/gett
itlestring.sty
Package: gettitlestring 2019/12/15 v1.6 Cleanup title references (HO)
)
\c@section@level=\count296
)
LaTeX Info: Redefining \ref on input line 173.
LaTeX Info: Redefining \pageref on input line 173.
LaTeX Info: Redefining \nameref on input line 173.
(./thesis.out) (./thesis.out)
\@outlinefile=\write4
\openout4 = `thesis.out'.

Package caption Info: Begin \AtBeginDocument code.
Package caption Info: End \AtBeginDocument code.
LaTeX Font Info:    Trying to load font information for OT1+lmr on input line 1
77.
(/Users/graysonwhite/Library/TinyTeX/texmf-dist/tex/latex/lm/ot1lmr.fd
File: ot1lmr.fd 2009/10/30 v1.6 Font defs for Latin Modern
)
LaTeX Font Info:    Trying to load font information for OML+lmm on input line 1
77.
(/Users/graysonwhite/Library/TinyTeX/texmf-dist/tex/latex/lm/omllmm.fd
File: omllmm.fd 2009/10/30 v1.6 Font defs for Latin Modern
)
LaTeX Font Info:    Trying to load font information for OMS+lmsy on input line 
177.
(/Users/graysonwhite/Library/TinyTeX/texmf-dist/tex/latex/lm/omslmsy.fd
File: omslmsy.fd 2009/10/30 v1.6 Font defs for Latin Modern
)
LaTeX Font Info:    Trying to load font information for OMX+lmex on input line 
177.
(/Users/graysonwhite/Library/TinyTeX/texmf-dist/tex/latex/lm/omxlmex.fd
File: omxlmex.fd 2009/10/30 v1.6 Font defs for Latin Modern
)
LaTeX Font Info:    External font `lmex10' loaded for size
(Font)              <12> on input line 177.
LaTeX Font Info:    External font `lmex10' loaded for size
(Font)              <8> on input line 177.
LaTeX Font Info:    External font `lmex10' loaded for size
(Font)              <6> on input line 177.
LaTeX Font Info:    Trying to load font information for U+lasy on input line 17
7.
(/Users/graysonwhite/Library/TinyTeX/texmf-dist/tex/latex/base/ulasy.fd
File: ulasy.fd 1998/08/17 v2.2e LaTeX symbol font definitions
)
LaTeX Font Info:    Trying to load font information for U+msa on input line 177
.
(/Users/graysonwhite/Library/TinyTeX/texmf-dist/tex/latex/amsfonts/umsa.fd
File: umsa.fd 2013/01/14 v3.01 AMS symbols A
)
LaTeX Font Info:    Trying to load font information for U+msb on input line 177
.
(/Users/graysonwhite/Library/TinyTeX/texmf-dist/tex/latex/amsfonts/umsb.fd
File: umsb.fd 2013/01/14 v3.01 AMS symbols B
) [1
Non-PDF special ignored!
<special> !% Reed College LaTeX Thesis Class 2001/12/04 SN
Non-PDF special ignored!
<special> rawpostscript % Reed College LaTeX Thesis Class 2001/12/04 SN


{/Users/graysonwhite/Library/TinyTeX/texmf-var/fonts/map/pdftex/updmap/pdftex.m
ap}] [2

] [3] [4

] [1


] [2


] (./thesis.toc
Underfull \vbox (badness 1502) has occurred while \output is active []

[3])
\tf@toc=\write5
\openout5 = `thesis.toc'.

[4] (./thesis.lot)
\tf@lot=\write6
\openout6 = `thesis.lot'.

[5

] [6

] (./thesis.lof)
\tf@lof=\write7
\openout7 = `thesis.lof'.

[7] [8

] [9] [10


] [11] [12


]
Chapter 1.

Underfull \vbox (badness 10000) has occurred while \output is active []

pdfTeX warning (ext4): destination with the same identifier (name{page.1}) has 
been already used, duplicate ignored
<to be read again> 
                   \relax 
l.210 
       [1

]
LaTeX Font Info:    Trying to load font information for TS1+lmr on input line 2
15.
(/Users/graysonwhite/Library/TinyTeX/texmf-dist/tex/latex/lm/ts1lmr.fd
File: ts1lmr.fd 2009/10/30 v1.6 Font defs for Latin Modern
)
<figure/ecoprov-diagram.png, id=374, 1927.2pt x 1084.05pt>
File: figure/ecoprov-diagram.png Graphic file (type png)
<use figure/ecoprov-diagram.png>
Package pdftex.def Info: figure/ecoprov-diagram.png  used on input line 231.
(pdftex.def)             Requested size: 433.62pt x 243.90073pt.
pdfTeX warning (ext4): destination with the same identifier (name{page.2}) has 
been already used, duplicate ignored
<to be read again> 
                   \relax 
l.236 \end{figure}
                   [2]
<figure/mean-diagram.png, id=386, 1927.2pt x 1084.05pt>
File: figure/mean-diagram.png Graphic file (type png)
<use figure/mean-diagram.png>
Package pdftex.def Info: figure/mean-diagram.png  used on input line 242.
(pdftex.def)             Requested size: 433.62pt x 243.90073pt.
pdfTeX warning (ext4): destination with the same identifier (name{page.3}) has 
been already used, duplicate ignored
<to be read again> 
                   \relax 
l.247 \end{figure}
                   [3 <./figure/ecoprov-diagram.png>]pdfTeX warning (ext4): des
tination with the same identifier (name{page.4}) has been already used, duplica
te ignored
<to be read again> 
                   \relax 
l.248 \clearpage
                 [4 <./figure/mean-diagram.png>]
<figure/ps-diagram.png, id=398, 1927.2pt x 1084.05pt>
File: figure/ps-diagram.png Graphic file (type png)
<use figure/ps-diagram.png>
Package pdftex.def Info: figure/ps-diagram.png  used on input line 251.
(pdftex.def)             Requested size: 433.62pt x 243.90073pt.
[5

 <./figure/ps-diagram.png>]
<figure/hbu-diagram.png, id=408, 1927.2pt x 1084.05pt>
File: figure/hbu-diagram.png Graphic file (type png)
<use figure/hbu-diagram.png>
Package pdftex.def Info: figure/hbu-diagram.png  used on input line 264.
(pdftex.def)             Requested size: 433.62pt x 243.90073pt.

Underfull \vbox (badness 10000) has occurred while \output is active []

[6] [7 <./figure/hbu-diagram.png>]
<figure/hba-diagram.png, id=418, 1927.2pt x 1084.05pt>
File: figure/hba-diagram.png Graphic file (type png)
<use figure/hba-diagram.png>
Package pdftex.def Info: figure/hba-diagram.png  used on input line 273.
(pdftex.def)             Requested size: 433.62pt x 243.90073pt.
[8

 <./figure/hba-diagram.png>] [9] [10]
Chapter 2.
LaTeX Font Info:    Trying to load font information for T1+lmtt on input line 3
17.
(/Users/graysonwhite/Library/TinyTeX/texmf-dist/tex/latex/lm/t1lmtt.fd
File: t1lmtt.fd 2009/10/30 v1.6 Font defs for Latin Modern
) [11

]
<figure/interior-west-on-usa.png, id=463, 2050.66125pt x 1177.39874pt>
File: figure/interior-west-on-usa.png Graphic file (type png)
<use figure/interior-west-on-usa.png>
Package pdftex.def Info: figure/interior-west-on-usa.png  used on input line 32
6.
(pdftex.def)             Requested size: 433.62pt x 248.9498pt.
[12

 <./figure/interior-west-on-usa.png>]
<thesis_files/figure-latex/northern-rocky-1.pdf, id=472, 305.14pt x 312.16624pt
>
File: thesis_files/figure-latex/northern-rocky-1.pdf Graphic file (type pdf)
<use thesis_files/figure-latex/northern-rocky-1.pdf>
Package pdftex.def Info: thesis_files/figure-latex/northern-rocky-1.pdf  used o
n input line 360.
(pdftex.def)             Requested size: 305.13924pt x 312.16548pt.
[13

]
<figure/basal_new.png, id=482, 2107.875pt x 2107.875pt>
File: figure/basal_new.png Graphic file (type png)
<use figure/basal_new.png>
Package pdftex.def Info: figure/basal_new.png  used on input line 371.
(pdftex.def)             Requested size: 281.85034pt x 281.8491pt.
<figure/biomass_new.png, id=483, 2107.875pt x 2107.875pt>
File: figure/biomass_new.png Graphic file (type png)
<use figure/biomass_new.png>
Package pdftex.def Info: figure/biomass_new.png  used on input line 379.
(pdftex.def)             Requested size: 281.85034pt x 281.8491pt.

Underfull \vbox (badness 10000) has occurred while \output is active []

[14 <./thesis_files/figure-latex/northern-rocky-1.pdf>]
<figure/count_new.png, id=495, 2107.875pt x 2107.875pt>
File: figure/count_new.png Graphic file (type png)
<use figure/count_new.png>
Package pdftex.def Info: figure/count_new.png  used on input line 387.
(pdftex.def)             Requested size: 281.85034pt x 281.8491pt.
<figure/voln_new.png, id=496, 2107.875pt x 2107.875pt>
File: figure/voln_new.png Graphic file (type png)
<use figure/voln_new.png>
Package pdftex.def Info: figure/voln_new.png  used on input line 395.
(pdftex.def)             Requested size: 281.85034pt x 281.8491pt.
[15 <./figure/basal_new.png> <./figure/biomass_new.png>] [16 <./figure/count_ne
w.png> <./figure/voln_new.png>]
<thesis_files/figure-latex/hists-1.pdf, id=511, 420.57124pt x 265.99374pt>
File: thesis_files/figure-latex/hists-1.pdf Graphic file (type pdf)
<use thesis_files/figure-latex/hists-1.pdf>
Package pdftex.def Info: thesis_files/figure-latex/hists-1.pdf  used on input l
ine 406.
(pdftex.def)             Requested size: 433.62158pt x 274.24854pt.
[17 <./thesis_files/figure-latex/hists-1.pdf>]
<figure/strata_plot.png, id=526, 2107.875pt x 2107.875pt>
File: figure/strata_plot.png Graphic file (type png)
<use figure/strata_plot.png>
Package pdftex.def Info: figure/strata_plot.png  used on input line 431.
(pdftex.def)             Requested size: 281.85034pt x 281.8491pt.
[18

 <./figure/strata_plot.png>]
<figure/data-structure-new.png, id=533, 1927.2pt x 1084.05pt>
File: figure/data-structure-new.png Graphic file (type png)
<use figure/data-structure-new.png>
Package pdftex.def Info: figure/data-structure-new.png  used on input line 445.

(pdftex.def)             Requested size: 433.62pt x 243.90073pt.
[19

 <./figure/data-structure-new.png>] [20

]
Chapter 3.

Underfull \vbox (badness 10000) has occurred while \output is active []

[21

] [22]
Underfull \vbox (badness 2781) has occurred while \output is active []

[23] [24]
Underfull \hbox (badness 1337) in paragraph at lines 542--543
\T1/lmr/m/n/12 The unit-level regression-synthetic es-ti-ma-tor is very sim-i-l
ar to the area-level
 []

[25] [26] [27] [28] [29]
<thesis_files/figure-latex/unnamed-chunk-5-1.pdf, id=623, 443.6575pt x 305.14pt
>
File: thesis_files/figure-latex/unnamed-chunk-5-1.pdf Graphic file (type pdf)
<use thesis_files/figure-latex/unnamed-chunk-5-1.pdf>
Package pdftex.def Info: thesis_files/figure-latex/unnamed-chunk-5-1.pdf  used 
on input line 654.
(pdftex.def)             Requested size: 443.6564pt x 305.13924pt.

Overfull \hbox (10.0364pt too wide) in paragraph at lines 654--654
[][] 
 []

[30

 <./thesis_files/figure-latex/unnamed-chunk-5-1.pdf>] [31] [32]
Chapter 4.

Underfull \vbox (badness 10000) has occurred while \output is active []

[33

] [34]
<thesis_files/figure-latex/cov-violin-1.pdf, id=668, 463.7325pt x 310.15875pt>
File: thesis_files/figure-latex/cov-violin-1.pdf Graphic file (type pdf)
<use thesis_files/figure-latex/cov-violin-1.pdf>
Package pdftex.def Info: thesis_files/figure-latex/cov-violin-1.pdf  used on in
put line 727.
(pdftex.def)             Requested size: 433.62pt x 290.02534pt.

LaTeX Warning: Reference `fig:quantile-table' on page 35 undefined on input lin
e 733.

[35

 <./thesis_files/figure-latex/cov-violin-1.pdf>] [36] [37

]
<thesis_files/figure-latex/cv-map-1.pdf, id=700, 381.425pt x 324.21124pt>
File: thesis_files/figure-latex/cv-map-1.pdf Graphic file (type pdf)
<use thesis_files/figure-latex/cv-map-1.pdf>
Package pdftex.def Info: thesis_files/figure-latex/cv-map-1.pdf  used on input 
line 780.
(pdftex.def)             Requested size: 381.42406pt x 324.21045pt.
[38

 <./thesis_files/figure-latex/cv-map-1.pdf>]
<thesis_files/figure-latex/m333-basal-1.pdf, id=715, 460.72125pt x 307.1475pt>
File: thesis_files/figure-latex/m333-basal-1.pdf Graphic file (type pdf)
<use thesis_files/figure-latex/m333-basal-1.pdf>
Package pdftex.def Info: thesis_files/figure-latex/m333-basal-1.pdf  used on in
put line 795.
(pdftex.def)             Requested size: 433.62pt x 289.07956pt.
[39

 <./thesis_files/figure-latex/m333-basal-1.pdf>] [40]
<thesis_files/figure-latex/boolmap1-1.pdf, id=739, 439.6425pt x 268.00125pt>
File: thesis_files/figure-latex/boolmap1-1.pdf Graphic file (type pdf)
<use thesis_files/figure-latex/boolmap1-1.pdf>
Package pdftex.def Info: thesis_files/figure-latex/boolmap1-1.pdf  used on inpu
t line 812.
(pdftex.def)             Requested size: 439.64142pt x 268.00058pt.

Overfull \hbox (6.02142pt too wide) in paragraph at lines 812--813
 [][] 
 []


Underfull \vbox (badness 1769) has occurred while \output is active []

[41

 <./thesis_files/figure-latex/boolmap1-1.pdf>] [42] [43]
<thesis_files/figure-latex/boolmap2-1.pdf, id=766, 439.6425pt x 268.00125pt>
File: thesis_files/figure-latex/boolmap2-1.pdf Graphic file (type pdf)
<use thesis_files/figure-latex/boolmap2-1.pdf>
Package pdftex.def Info: thesis_files/figure-latex/boolmap2-1.pdf  used on inpu
t line 852.
(pdftex.def)             Requested size: 439.64142pt x 268.00058pt.

Overfull \hbox (6.02142pt too wide) in paragraph at lines 852--853
 [][] 
 []


Underfull \vbox (badness 1769) has occurred while \output is active []

[44

 <./thesis_files/figure-latex/boolmap2-1.pdf>] [45] [46

]
Chapter 5.
[47] [48] [49] [50

]
Appendix A.
[51] [52]
Underfull \vbox (badness 10000) has occurred while \output is active []

[53]
Underfull \vbox (badness 10000) has occurred while \output is active []

[54]
Underfull \vbox (badness 10000) has occurred while \output is active []

[55] [56]
Underfull \vbox (badness 10000) has occurred while \output is active []

[57] [58] [59] [60] [61]
Underfull \vbox (badness 10000) has occurred while \output is active []

[62]
Underfull \vbox (badness 10000) has occurred while \output is active []

[63] [64]
Underfull \vbox (badness 10000) has occurred while \output is active []

[65] [66]
Underfull \vbox (badness 10000) has occurred while \output is active []

[67] [68]
Underfull \hbox (badness 10000) in paragraph at lines 1757--1759
 \T1/lmr/m/n/12 from []$\T1/lmtt/m/n/12 https : / / cfpub . epa . gov / si / si
 _ public _ record _ report . cfm ? Lab =
 []


Underfull \vbox (badness 10000) has occurred while \output is active []

[69


] [70] (./thesis.aux)

LaTeX Warning: There were undefined references.

Package rerunfilecheck Info: File `thesis.out' has not changed.
(rerunfilecheck)             Checksum: B318FB18724D15FD16E2E0292606C3A7;8513.
 ) 
Here is how much of TeX's memory you used:
 12061 strings out of 480962
 186443 string characters out of 5906599
 490519 words of memory out of 5000000
 28769 multiletter control sequences out of 15000+600000
 463883 words of font info for 65 fonts, out of 8000000 for 9000
 14 hyphenation exceptions out of 8191
 71i,12n,74p,1854b,514s stack positions out of 5000i,500n,10000p,200000b,80000s
{/Users/graysonwhite/Library/TinyTeX/texmf-dist/fonts/enc/dvips/lm/lm-rm.enc}
{/Users/graysonwhite/Library/TinyTeX/texmf-dist/fonts/enc/dvips/lm/lm-ec.enc}{/
Users/graysonwhite/Library/TinyTeX/texmf-dist/fonts/enc/dvips/lm/lm-mathsy.enc}
{/Users/graysonwhite/Library/TinyTeX/texmf-dist/fonts/enc/dvips/lm/lm-mathex.en
c}{/Users/graysonwhite/Library/TinyTeX/texmf-dist/fonts/enc/dvips/lm/lm-mathit.
enc}{/Users/graysonwhite/Library/TinyTeX/texmf-dist/fonts/enc/dvips/lm/lm-ts1.e
nc}</Users/graysonwhite/Library/TinyTeX/texmf-dist/fonts/type1/public/lm/lmbx12
.pfb></Users/graysonwhite/Library/TinyTeX/texmf-dist/fonts/type1/public/lm/lmbx
8.pfb></Users/graysonwhite/Library/TinyTeX/texmf-dist/fonts/type1/public/lm/lme
x10.pfb></Users/graysonwhite/Library/TinyTeX/texmf-dist/fonts/type1/public/lm/l
mmi12.pfb></Users/graysonwhite/Library/TinyTeX/texmf-dist/fonts/type1/public/lm
/lmmi6.pfb></Users/graysonwhite/Library/TinyTeX/texmf-dist/fonts/type1/public/l
m/lmmi8.pfb></Users/graysonwhite/Library/TinyTeX/texmf-dist/fonts/type1/public/
lm/lmr12.pfb></Users/graysonwhite/Library/TinyTeX/texmf-dist/fonts/type1/public
/lm/lmr8.pfb></Users/graysonwhite/Library/TinyTeX/texmf-dist/fonts/type1/public
/lm/lmri12.pfb></Users/graysonwhite/Library/TinyTeX/texmf-dist/fonts/type1/publ
ic/lm/lmro12.pfb></Users/graysonwhite/Library/TinyTeX/texmf-dist/fonts/type1/pu
blic/lm/lmsy10.pfb></Users/graysonwhite/Library/TinyTeX/texmf-dist/fonts/type1/
public/lm/lmsy8.pfb></Users/graysonwhite/Library/TinyTeX/texmf-dist/fonts/type1
/public/lm/lmtt12.pfb>
Output written on thesis.pdf (86 pages, 14922167 bytes).
PDF statistics:
 1059 PDF objects out of 1200 (max. 8388607)
 900 compressed objects within 9 object streams
 262 named destinations out of 1000 (max. 500000)
 461 words of extra memory for PDF output out of 10000 (max. 10000000)

