\BOOKMARK [0][-]{chapter*.8}{\376\377\000I\000n\000t\000r\000o\000d\000u\000c\000t\000i\000o\000n}{}% 1
\BOOKMARK [0][-]{chapter.1}{\376\377\000C\000h\000a\000p\000t\000e\000r\000\040\0001\000:\000\040\000C\000o\000n\000t\000e\000x\000t}{}% 2
\BOOKMARK [0][-]{chapter.2}{\376\377\000C\000h\000a\000p\000t\000e\000r\000\040\0002\000:\000\040\000O\000v\000e\000r\000v\000i\000e\000w}{}% 3
\BOOKMARK [0][-]{chapter.3}{\376\377\000C\000h\000a\000p\000t\000e\000r\000\040\0003\000:\000\040\000D\000a\000t\000a}{}% 4
\BOOKMARK [1][-]{section.3.1}{\376\377\000T\000h\000e\000\040\000F\000o\000r\000e\000s\000t\000\040\000I\000n\000v\000e\000n\000t\000o\000r\000y\000\040\000\046\000\040\000A\000n\000a\000l\000y\000s\000i\000s\000\040\000P\000r\000o\000g\000r\000a\000m}{chapter.3}% 5
\BOOKMARK [1][-]{section.3.2}{\376\377\000T\000h\000e\000\040\000I\000n\000t\000e\000r\000i\000o\000r\000\040\000W\000e\000s\000t}{chapter.3}% 6
\BOOKMARK [1][-]{section.3.3}{\376\377\000O\000u\000r\000\040\000D\000a\000t\000a\000:\000\040\000S\000p\000e\000c\000i\000f\000i\000c\000s}{chapter.3}% 7
\BOOKMARK [1][-]{section.3.4}{\376\377\000D\000a\000t\000a\000\040\000S\000t\000r\000u\000c\000t\000u\000r\000e\000\040\000\046\000\040\000H\000i\000e\000r\000a\000r\000c\000h\000y}{chapter.3}% 8
\BOOKMARK [0][-]{chapter.4}{\376\377\000C\000h\000a\000p\000t\000e\000r\000\040\0004\000:\000\040\000M\000e\000t\000h\000o\000d\000s}{}% 9
\BOOKMARK [1][-]{section.4.1}{\376\377\000D\000i\000r\000e\000c\000t\000\040\000E\000s\000t\000i\000m\000a\000t\000i\000o\000n}{chapter.4}% 10
\BOOKMARK [2][-]{subsection.4.1.1}{\376\377\000T\000h\000e\000\040\000H\000o\000r\000v\000i\000t\000z\000-\000T\000h\000o\000m\000p\000s\000o\000n\000\040\000E\000s\000t\000i\000m\000a\000t\000o\000r}{section.4.1}% 11
\BOOKMARK [2][-]{subsection.4.1.2}{\376\377\000T\000h\000e\000\040\000P\000o\000s\000t\000-\000S\000t\000r\000a\000t\000i\000f\000i\000e\000d\000\040\000E\000s\000t\000i\000m\000a\000t\000o\000r}{section.4.1}% 12
\BOOKMARK [2][-]{subsection.4.1.3}{\376\377\000T\000h\000e\000\040\000S\000u\000r\000v\000e\000y\000\040\000R\000e\000g\000r\000e\000s\000s\000i\000o\000n\000\040\000E\000s\000t\000i\000m\000a\000t\000o\000r}{section.4.1}% 13
\BOOKMARK [1][-]{section.4.2}{\376\377\000I\000m\000p\000l\000i\000c\000i\000t\000\040\000M\000o\000d\000e\000l\000-\000B\000a\000s\000e\000d\000\040\000I\000n\000d\000i\000r\000e\000c\000t\000\040\000E\000s\000t\000i\000m\000a\000t\000i\000o\000n}{chapter.4}% 14
\BOOKMARK [2][-]{subsection.4.2.1}{\376\377\000T\000h\000e\000\040\000A\000r\000e\000a\000-\000l\000e\000v\000e\000l\000\040\000R\000e\000g\000r\000e\000s\000s\000i\000o\000n\000-\000S\000y\000n\000t\000h\000e\000t\000i\000c\000\040\000E\000s\000t\000i\000m\000a\000t\000o\000r}{section.4.2}% 15
\BOOKMARK [2][-]{subsection.4.2.2}{\376\377\000T\000h\000e\000\040\000U\000n\000i\000t\000-\000l\000e\000v\000e\000l\000\040\000R\000e\000g\000r\000e\000s\000s\000i\000o\000n\000-\000S\000y\000n\000t\000h\000e\000t\000i\000c\000\040\000E\000s\000t\000i\000m\000a\000t\000o\000r}{section.4.2}% 16
\BOOKMARK [1][-]{section.4.3}{\376\377\000E\000x\000p\000l\000i\000c\000i\000t\000\040\000M\000o\000d\000e\000l\000-\000B\000a\000s\000e\000d\000\040\000I\000n\000d\000i\000r\000e\000c\000t\000\040\000E\000s\000t\000i\000m\000a\000t\000i\000o\000n}{chapter.4}% 17
\BOOKMARK [2][-]{subsection.4.3.1}{\376\377\000T\000h\000e\000\040\000U\000n\000i\000t\000-\000l\000e\000v\000e\000l\000\040\000E\000B\000L\000U\000P}{section.4.3}% 18
\BOOKMARK [2][-]{subsection.4.3.2}{\376\377\000T\000h\000e\000\040\000A\000r\000e\000a\000-\000l\000e\000v\000e\000l\000\040\000E\000B\000L\000U\000P}{section.4.3}% 19
\BOOKMARK [1][-]{section.4.4}{\376\377\000A\000\040\000H\000i\000e\000r\000a\000r\000c\000h\000i\000c\000a\000l\000\040\000B\000a\000y\000e\000s\000i\000a\000n\000\040\000A\000p\000p\000r\000o\000a\000c\000h}{chapter.4}% 20
\BOOKMARK [2][-]{subsection.4.4.1}{\376\377\000T\000h\000e\000\040\000U\000n\000i\000t\000-\000l\000e\000v\000e\000l\000\040\000H\000i\000e\000r\000a\000r\000c\000h\000i\000c\000a\000l\000\040\000B\000a\000y\000e\000s\000i\000a\000n\000\040\000E\000s\000t\000i\000m\000a\000t\000o\000r}{section.4.4}% 21
\BOOKMARK [2][-]{subsection.4.4.2}{\376\377\000T\000h\000e\000\040\000A\000r\000e\000a\000-\000l\000e\000v\000e\000l\000\040\000H\000i\000e\000r\000a\000r\000i\000c\000h\000i\000c\000a\000l\000\040\000B\000a\000y\000e\000s\000i\000a\000n\000\040\000E\000s\000t\000i\000m\000a\000t\000o\000r}{section.4.4}% 22
\BOOKMARK [0][-]{chapter.5}{\376\377\000C\000h\000a\000p\000t\000e\000r\000\040\0005\000:\000\040\000R\000e\000s\000u\000l\000t\000s}{}% 23
\BOOKMARK [1][-]{section.5.1}{\376\377\000T\000h\000e\000\040\000B\000i\000g\000\040\000P\000i\000c\000t\000u\000r\000e}{chapter.5}% 24
\BOOKMARK [1][-]{section.5.2}{\376\377\000Z\000o\000o\000m\000i\000n\000g\000\040\000I\000n\000:\000\040\000T\000h\000e\000\040\000N\000o\000r\000t\000h\000e\000r\000n\000\040\000R\000o\000c\000k\000y\000\040\000F\000o\000r\000e\000s\000t}{chapter.5}% 25
\BOOKMARK [1][-]{section.5.3}{\376\377\000S\000t\000e\000p\000p\000i\000n\000g\000\040\000B\000a\000c\000k}{chapter.5}% 26
\BOOKMARK [0][-]{chapter.6}{\376\377\000C\000h\000a\000p\000t\000e\000r\000\040\0006\000:\000\040\000D\000i\000s\000c\000u\000s\000s\000i\000o\000n\000\040\000a\000n\000d\000\040\000C\000o\000n\000c\000l\000u\000s\000i\000o\000n}{}% 27
\BOOKMARK [0][-]{appendix.A}{\376\377\000A\000p\000p\000e\000n\000d\000i\000x\000\040\000A\000:\000\040\000C\000o\000d\000e\000\040\000A\000p\000p\000e\000n\000d\000i\000x}{}% 28
\BOOKMARK [1][-]{section.A.1}{\376\377\000H\000e\000l\000p\000e\000r\000\040\000F\000u\000n\000c\000t\000i\000o\000n\000s}{appendix.A}% 29
\BOOKMARK [2][-]{subsection.A.1.1}{\376\377\000T\000h\000e\000\040\000S\000a\000m\000p\000l\000e\000\040\000M\000e\000a\000n}{section.A.1}% 30
\BOOKMARK [2][-]{subsection.A.1.2}{\376\377\000P\000o\000s\000t\000-\000S\000t\000r\000a\000t\000i\000f\000i\000c\000a\000t\000i\000o\000n}{section.A.1}% 31
\BOOKMARK [2][-]{subsection.A.1.3}{\376\377\000H\000i\000e\000r\000a\000r\000c\000h\000i\000c\000a\000l\000\040\000B\000a\000y\000e\000s\000i\000a\000n\000\040\000U\000n\000i\000t\000-\000L\000e\000v\000e\000l}{section.A.1}% 32
\BOOKMARK [2][-]{subsection.A.1.4}{\376\377\000H\000i\000e\000r\000a\000r\000c\000h\000i\000c\000a\000l\000\040\000B\000a\000y\000e\000s\000i\000a\000n\000\040\000A\000r\000e\000a\000-\000L\000e\000v\000e\000l}{section.A.1}% 33
\BOOKMARK [2][-]{subsection.A.1.5}{\376\377\000F\000r\000e\000q\000u\000e\000n\000t\000i\000s\000t\000\040\000U\000n\000i\000t\000-\000L\000e\000v\000e\000l}{section.A.1}% 34
\BOOKMARK [2][-]{subsection.A.1.6}{\376\377\000F\000r\000e\000q\000u\000e\000n\000t\000i\000s\000t\000\040\000A\000r\000e\000a\000-\000L\000e\000v\000e\000l}{section.A.1}% 35
\BOOKMARK [2][-]{subsection.A.1.7}{\376\377\000C\000o\000e\000f\000f\000i\000i\000c\000e\000n\000t\000\040\000o\000f\000\040\000V\000a\000r\000i\000a\000t\000i\000o\000n\000\040\000F\000u\000n\000c\000t\000i\000o\000n\000s}{section.A.1}% 36
\BOOKMARK [1][-]{section.A.2}{\376\377\000F\000i\000t\000t\000i\000n\000g\000\040\000M\000o\000d\000e\000l\000s}{appendix.A}% 37
\BOOKMARK [2][-]{subsection.A.2.1}{\376\377\000D\000a\000t\000a\000\040\000S\000e\000t\000-\000u\000p\000\040\000\046\000\040\000P\000r\000e\000p\000r\000o\000c\000e\000s\000s\000i\000n\000g}{section.A.2}% 38
\BOOKMARK [2][-]{subsection.A.2.2}{\376\377\000D\000i\000r\000e\000c\000t\000\040\000E\000s\000t\000i\000m\000a\000t\000i\000o\000n}{section.A.2}% 39
\BOOKMARK [2][-]{subsection.A.2.3}{\376\377\000M\000o\000d\000e\000l\000-\000B\000a\000s\000e\000d\000\040\000E\000s\000t\000i\000m\000a\000t\000i\000o\000n}{section.A.2}% 40
\BOOKMARK [2][-]{subsection.A.2.4}{\376\377\000W\000r\000i\000t\000i\000n\000g\000\040\000D\000a\000t\000a\000\040\000F\000i\000l\000e\000s\000\040\000\046\000\040\000P\000i\000v\000o\000t\000i\000n\000g\000\040\000t\000o\000\040\000T\000i\000d\000y\000\040\000F\000o\000r\000m\000a\000t}{section.A.2}% 41
\BOOKMARK [0][-]{appendix*.29}{\376\377\000R\000e\000f\000e\000r\000e\000n\000c\000e\000s}{}% 42
